0 info it worked if it ends with ok
1 verbose cli [ 'C:\\Program Files (x86)\\nodejs\\\\node.exe',
1 verbose cli   'C:\\Program Files (x86)\\nodejs\\node_modules\\npm\\bin\\npm-cli.js',
1 verbose cli   'install' ]
2 info using npm@2.5.1
3 info using node@v0.12.0
4 verbose node symlink C:\Program Files (x86)\nodejs\\node.exe
5 verbose install where, deps [ 'C:\\Users\\Maria\\Desktop\\iprogprojekt',
5 verbose install   [ 'http-server', 'bower' ] ]
6 verbose install where, peers [ 'C:\\Users\\Maria\\Desktop\\iprogprojekt', [] ]
7 info preinstall tasteMe@0.0.0
8 verbose already installed skipping bower@^1.3.1 C:\Users\Maria\Desktop\iprogprojekt
9 verbose already installed skipping http-server@^0.6.1 C:\Users\Maria\Desktop\iprogprojekt
10 silly install resolved []
11 info build C:\Users\Maria\Desktop\iprogprojekt
12 verbose linkStuff [ false, false, false, 'C:\\Users\\Maria\\Desktop' ]
13 info linkStuff tasteMe@0.0.0
14 verbose linkBins tasteMe@0.0.0
15 verbose linkMans tasteMe@0.0.0
16 verbose rebuildBundles tasteMe@0.0.0
17 verbose rebuildBundles [ '.bin', 'bower', 'http-server' ]
18 info install tasteMe@0.0.0
19 info postinstall tasteMe@0.0.0
20 verbose unsafe-perm in lifecycle true
21 info tasteMe@0.0.0 Failed to exec postinstall script
22 verbose stack Error: tasteMe@0.0.0 postinstall: `bower install`
22 verbose stack Exit status 1
22 verbose stack     at EventEmitter.<anonymous> (C:\Program Files (x86)\nodejs\node_modules\npm\lib\utils\lifecycle.js:213:16)
22 verbose stack     at EventEmitter.emit (events.js:110:17)
22 verbose stack     at ChildProcess.<anonymous> (C:\Program Files (x86)\nodejs\node_modules\npm\lib\utils\spawn.js:14:12)
22 verbose stack     at ChildProcess.emit (events.js:110:17)
22 verbose stack     at maybeClose (child_process.js:1008:16)
22 verbose stack     at Process.ChildProcess._handle.onexit (child_process.js:1080:5)
23 verbose pkgid tasteMe@0.0.0
24 verbose cwd C:\Users\Maria\Desktop\iprogprojekt
25 error Windows_NT 6.1.7600
26 error argv "C:\\Program Files (x86)\\nodejs\\\\node.exe" "C:\\Program Files (x86)\\nodejs\\node_modules\\npm\\bin\\npm-cli.js" "install"
27 error node v0.12.0
28 error npm  v2.5.1
29 error code ELIFECYCLE
30 error tasteMe@0.0.0 postinstall: `bower install`
30 error Exit status 1
31 error Failed at the tasteMe@0.0.0 postinstall script 'bower install'.
31 error This is most likely a problem with the tasteMe package,
31 error not with npm itself.
31 error Tell the author that this fails on your system:
31 error     bower install
31 error You can get their info via:
31 error     npm owner ls tasteMe
31 error There is likely additional logging output above.
32 verbose exit [ 1, true ]
